[HTTP] Binding to address: :1080
Creating API v1 with WebPath: 
Creating API v2 with WebPath: 
[APIv1] KEEPALIVE /api/v1/events
Got message in APIv2 websocket channel
[APIv2] BROADCAST /api/v2/websocket
Got message in APIv1 event stream
Sending content: {
  "ID": "YrZdzblVxCOQcTACWissTwahxy1SWnHJXXhFCUULcVE=@mailhog.example",
  "From": {
    "Relays": null,
    "Mailbox": "nobody",
    "Domain": "b4dc23660971",
    "Params": ""
  },
  "To": [
    {
      "Relays": null,
      "Mailbox": "mailhog",
      "Domain": "flywheel.local",
      "Params": ""
    }
  ],
  "Content": {
    "Headers": {
      "Content-Type": [
        "text/plain; charset=UTF-8"
      ],
      "Date": [
        "Mon, 17 Dec 2018 22:10:02 +0000"
      ],
      "From": [
        "WordPress \u003cwordpress@practicesite.local\u003e"
      ],
      "MIME-Version": [
        "1.0"
      ],
      "Message-ID": [
        "\u003ce56e49d5c4ac61a1e60224cfc2370389@practicesite.local\u003e"
      ],
      "Received": [
        "from localhost by mailhog.example (MailHog)\r\n          id YrZdzblVxCOQcTACWissTwahxy1SWnHJXXhFCUULcVE=@mailhog.example; Mon, 17 Dec 2018 22:10:02 +0000"
      ],
      "Return-Path": [
        "\u003cnobody@b4dc23660971\u003e"
      ],
      "Subject": [
        "New WordPress Site"
      ],
      "To": [
        "dev@flywheel.com"
      ],
      "X-Mailer": [
        "PHPMailer 5.2.22 (https://github.com/PHPMailer/PHPMailer)"
      ],
      "X-PHP-Originating-Script": [
        "0:class-phpmailer.php"
      ]
    },
    "Body": "Your new WordPress site has been successfully set up at:\r\n\r\nhttp://practicesite.local\r\n\r\nYou can log in to the administrator account with the following information:\r\n\r\nUsername: matthew-grech@outlook.com\r\nPassword: The password you chose during installation.\r\nLog in here: http://practicesite.local/wp-login.php\r\n\r\nWe hope you enjoy your new site. Thanks!\r\n\r\n--The WordPress Team\r\nhttps://wordpress.org/\r\n",
    "Size": 790,
    "MIME": null
  },
  "Created": "2018-12-17T22:10:02.910842878Z",
  "MIME": null,
  "Raw": {
    "From": "nobody@b4dc23660971",
    "To": [
      "mailhog@flywheel.local"
    ],
    "Data": "To: dev@flywheel.com\r\nSubject: New WordPress Site\r\nX-PHP-Originating-Script: 0:class-phpmailer.php\r\nDate: Mon, 17 Dec 2018 22:10:02 +0000\r\nFrom: WordPress \u003cwordpress@practicesite.local\u003e\r\nMessage-ID: \u003ce56e49d5c4ac61a1e60224cfc2370389@practicesite.local\u003e\r\nX-Mailer: PHPMailer 5.2.22 (https://github.com/PHPMailer/PHPMailer)\r\nMIME-Version: 1.0\r\nContent-Type: text/plain; charset=UTF-8\r\n\r\nYour new WordPress site has been successfully set up at:\r\n\r\nhttp://practicesite.local\r\n\r\nYou can log in to the administrator account with the following information:\r\n\r\nUsername: matthew-grech@outlook.com\r\nPassword: The password you chose during installation.\r\nLog in here: http://practicesite.local/wp-login.php\r\n\r\nWe hope you enjoy your new site. Thanks!\r\n\r\n--The WordPress Team\r\nhttps://wordpress.org/\r\n",
    "Helo": "localhost"
  }
}

[APIv1] BROADCAST /api/v1/events
[APIv1] KEEPALIVE /api/v1/events
[APIv1] KEEPALIVE /api/v1/events
[APIv1] KEEPALIVE /api/v1/events
[APIv1] KEEPALIVE /api/v1/events
Got message in APIv2 websocket channel
[APIv2] BROADCAST /api/v2/websocket
Got message in APIv1 event stream
Sending content: {
  "ID": "WVc03X0glq2y54hCQSkYTOUs6Dl1XIt9Tot4uPxFP4c=@mailhog.example",
  "From": {
    "Relays": null,
    "Mailbox": "www-data",
    "Domain": "b4dc23660971",
    "Params": ""
  },
  "To": [
    {
      "Relays": null,
      "Mailbox": "mailhog",
      "Domain": "flywheel.local",
      "Params": ""
    }
  ],
  "Content": {
    "Headers": {
      "Content-Type": [
        "text/plain; charset=UTF-8"
      ],
      "Date": [
        "Mon, 17 Dec 2018 22:14:17 +0000"
      ],
      "From": [
        "WordPress \u003cwordpress@practicesite.local\u003e"
      ],
      "MIME-Version": [
        "1.0"
      ],
      "Message-ID": [
        "\u003c0e20bad648cb00cdad00c14d89f91371@practicesite.local\u003e"
      ],
      "Received": [
        "from localhost by mailhog.example (MailHog)\r\n          id WVc03X0glq2y54hCQSkYTOUs6Dl1XIt9Tot4uPxFP4c=@mailhog.example; Mon, 17 Dec 2018 22:14:18 +0000"
      ],
      "Return-Path": [
        "\u003cwww-data@b4dc23660971\u003e"
      ],
      "Subject": [
        "New WordPress Site"
      ],
      "To": [
        "test@test.com"
      ],
      "X-Mailer": [
        "PHPMailer 5.2.22 (https://github.com/PHPMailer/PHPMailer)"
      ],
      "X-PHP-Originating-Script": [
        "1000:class-phpmailer.php"
      ]
    },
    "Body": "Your new WordPress site has been successfully set up at:\r\n\r\nhttp://practicesite.local\r\n\r\nYou can log in to the administrator account with the following information:\r\n\r\nUsername: Grexus\r\nPassword: The password you chose during installation.\r\nLog in here: http://practicesite.local/wp-login.php\r\n\r\nWe hope you enjoy your new site. Thanks!\r\n\r\n--The WordPress Team\r\nhttps://wordpress.org/\r\n",
    "Size": 771,
    "MIME": null
  },
  "Created": "2018-12-17T22:14:18.009644236Z",
  "MIME": null,
  "Raw": {
    "From": "www-data@b4dc23660971",
    "To": [
      "mailhog@flywheel.local"
    ],
    "Data": "To: test@test.com\r\nSubject: New WordPress Site\r\nX-PHP-Originating-Script: 1000:class-phpmailer.php\r\nDate: Mon, 17 Dec 2018 22:14:17 +0000\r\nFrom: WordPress \u003cwordpress@practicesite.local\u003e\r\nMessage-ID: \u003c0e20bad648cb00cdad00c14d89f91371@practicesite.local\u003e\r\nX-Mailer: PHPMailer 5.2.22 (https://github.com/PHPMailer/PHPMailer)\r\nMIME-Version: 1.0\r\nContent-Type: text/plain; charset=UTF-8\r\n\r\nYour new WordPress site has been successfully set up at:\r\n\r\nhttp://practicesite.local\r\n\r\nYou can log in to the administrator account with the following information:\r\n\r\nUsername: Grexus\r\nPassword: The password you chose during installation.\r\nLog in here: http://practicesite.local/wp-login.php\r\n\r\nWe hope you enjoy your new site. Thanks!\r\n\r\n--The WordPress Team\r\nhttps://wordpress.org/\r\n",
    "Helo": "localhost"
  }
}

[APIv1] BROADCAST /api/v1/events
[APIv1] KEEPALIVE /api/v1/events
[APIv1] KEEPALIVE /api/v1/events
[APIv1] KEEPALIVE /api/v1/events
[APIv1] KEEPALIVE /api/v1/events
[APIv1] KEEPALIVE /api/v1/events
[APIv1] KEEPALIVE /api/v1/events
[APIv1] KEEPALIVE /api/v1/events
[APIv1] KEEPALIVE /api/v1/events
[APIv1] KEEPALIVE /api/v1/events
[APIv1] KEEPALIVE /api/v1/events
[APIv1] KEEPALIVE /api/v1/events
[APIv1] KEEPALIVE /api/v1/events
[APIv1] KEEPALIVE /api/v1/events
[APIv1] KEEPALIVE /api/v1/events
[APIv1] KEEPALIVE /api/v1/events
[APIv1] KEEPALIVE /api/v1/events
[APIv1] KEEPALIVE /api/v1/events
[APIv1] KEEPALIVE /api/v1/events
[APIv1] KEEPALIVE /api/v1/events
[APIv1] KEEPALIVE /api/v1/events
[APIv1] KEEPALIVE /api/v1/events
[APIv1] KEEPALIVE /api/v1/events
[APIv1] KEEPALIVE /api/v1/events
[APIv1] KEEPALIVE /api/v1/events
[APIv1] KEEPALIVE /api/v1/events
[APIv1] KEEPALIVE /api/v1/events
[APIv1] KEEPALIVE /api/v1/events
[APIv1] KEEPALIVE /api/v1/events
[APIv1] KEEPALIVE /api/v1/events
[APIv1] KEEPALIVE /api/v1/events
[APIv1] KEEPALIVE /api/v1/events
[APIv1] KEEPALIVE /api/v1/events
[APIv1] KEEPALIVE /api/v1/events
[APIv1] KEEPALIVE /api/v1/events
[APIv1] KEEPALIVE /api/v1/events
[APIv1] KEEPALIVE /api/v1/events
[APIv1] KEEPALIVE /api/v1/events
[APIv1] KEEPALIVE /api/v1/events
[APIv1] KEEPALIVE /api/v1/events
[APIv1] KEEPALIVE /api/v1/events
[APIv1] KEEPALIVE /api/v1/events
[APIv1] KEEPALIVE /api/v1/events
[APIv1] KEEPALIVE /api/v1/events
[APIv1] KEEPALIVE /api/v1/events
[APIv1] KEEPALIVE /api/v1/events
[APIv1] KEEPALIVE /api/v1/events
