2018-12-17T22:08:46.965126Z 0 [Warning] TIMESTAMP with implicit DEFAULT value is deprecated. Please use --explicit_defaults_for_timestamp server option (see documentation for more details).
2018-12-17T22:08:46.966260Z 0 [Note] /usr/sbin/mysqld (mysqld 5.7.23) starting as process 30 ...
2018-12-17T22:08:46.979356Z 0 [Note] InnoDB: PUNCH HOLE support available
2018-12-17T22:08:46.979556Z 0 [Note] InnoDB: Mutexes and rw_locks use GCC atomic builtins
2018-12-17T22:08:46.980211Z 0 [Note] InnoDB: Uses event mutexes
2018-12-17T22:08:46.980802Z 0 [Note] InnoDB: GCC builtin __atomic_thread_fence() is used for memory barrier
2018-12-17T22:08:46.981188Z 0 [Note] InnoDB: Compressed tables use zlib 1.2.3
2018-12-17T22:08:46.982170Z 0 [Note] InnoDB: Using Linux native AIO
2018-12-17T22:08:46.984247Z 0 [Note] InnoDB: Number of pools: 1
2018-12-17T22:08:46.984478Z 0 [Note] InnoDB: Using CPU crc32 instructions
2018-12-17T22:08:46.987062Z 0 [Note] InnoDB: Initializing buffer pool, total size = 32M, instances = 1, chunk size = 32M
2018-12-17T22:08:46.989237Z 0 [Note] InnoDB: Completed initialization of buffer pool
2018-12-17T22:08:46.995206Z 0 [Note] InnoDB: If the mysqld execution user is authorized, page cleaner thread priority can be changed. See the man page of setpriority().
2018-12-17T22:08:47.007348Z 0 [Note] InnoDB: Highest supported file format is Barracuda.
2018-12-17T22:08:47.008016Z 0 [Note] InnoDB: Log scan progressed past the checkpoint lsn 2588963
2018-12-17T22:08:47.014467Z 0 [Note] InnoDB: Doing recovery: scanned up to log sequence number 2591784
2018-12-17T22:08:47.015245Z 0 [Note] InnoDB: Database was not shutdown normally!
2018-12-17T22:08:47.015457Z 0 [Note] InnoDB: Starting crash recovery.
2018-12-17T22:08:47.334152Z 0 [Note] InnoDB: Starting an apply batch of log records to the database...
InnoDB: Progress in percent: 27 28 29 30 31 32 33 34 35 36 37 38 39 40 41 42 43 44 45 46 47 48 49 50 51 52 53 54 55 56 57 58 59 60 61 62 63 64 65 66 67 68 69 70 71 72 73 74 75 76 77 78 79 80 81 82 83 84 85 86 87 88 89 90 91 92 93 94 95 96 97 98 99 
2018-12-17T22:08:47.870942Z 0 [Note] InnoDB: Apply batch completed
2018-12-17T22:08:47.973688Z 0 [Note] InnoDB: Removed temporary tablespace data file: "ibtmp1"
2018-12-17T22:08:47.973837Z 0 [Note] InnoDB: Creating shared tablespace for temporary tables
2018-12-17T22:08:47.974440Z 0 [Note] InnoDB: Setting file './ibtmp1' size to 12 MB. Physically writing the file full; Please wait ...
2018-12-17T22:08:48.011099Z 0 [Note] InnoDB: File './ibtmp1' size is now 12 MB.
2018-12-17T22:08:48.012820Z 0 [Note] InnoDB: 96 redo rollback segment(s) found. 96 redo rollback segment(s) are active.
2018-12-17T22:08:48.013464Z 0 [Note] InnoDB: 32 non-redo rollback segment(s) are active.
2018-12-17T22:08:48.014190Z 0 [Note] InnoDB: Waiting for purge to start
2018-12-17T22:08:48.064637Z 0 [Note] InnoDB: 5.7.23 started; log sequence number 2591784
2018-12-17T22:08:48.065804Z 0 [Note] Plugin 'FEDERATED' is disabled.
2018-12-17T22:08:48.074992Z 0 [Warning] Failed to set up SSL because of the following SSL library error: SSL context is not usable without certificate and private key
2018-12-17T22:08:48.075337Z 0 [Note] Server hostname (bind-address): '*'; port: 3306
2018-12-17T22:08:48.076405Z 0 [Note] IPv6 is available.
2018-12-17T22:08:48.077468Z 0 [Note]   - '::' resolves to '::';
2018-12-17T22:08:48.078286Z 0 [Note] Server socket created on IP: '::'.
2018-12-17T22:08:48.075179Z 0 [Note] InnoDB: Loading buffer pool(s) from /var/lib/mysql/ib_buffer_pool
2018-12-17T22:08:48.082918Z 0 [Warning] Insecure configuration for --pid-file: Location '/var/run/mysqld' in the path is accessible to all OS users. Consider choosing a different directory.
2018-12-17T22:08:48.085144Z 0 [ERROR] /usr/sbin/mysqld: Table './mysql/user' is marked as crashed and should be repaired
2018-12-17T22:08:48.085863Z 0 [Warning] Checking table:   './mysql/user'
2018-12-17T22:08:48.086199Z 0 [ERROR] 1 client is using or hasn't closed the table properly
2018-12-17T22:08:48.087319Z 0 [Warning] 'user' entry 'root@localhost' ignored in --skip-name-resolve mode.
2018-12-17T22:08:48.088289Z 0 [Warning] 'user' entry 'mysql.session@localhost' ignored in --skip-name-resolve mode.
2018-12-17T22:08:48.089251Z 0 [Warning] 'user' entry 'mysql.sys@localhost' ignored in --skip-name-resolve mode.
2018-12-17T22:08:48.090226Z 0 [Warning] 'db' entry 'performance_schema mysql.session@localhost' ignored in --skip-name-resolve mode.
2018-12-17T22:08:48.091191Z 0 [Warning] 'db' entry 'sys mysql.sys@localhost' ignored in --skip-name-resolve mode.
2018-12-17T22:08:48.092156Z 0 [Warning] 'proxies_priv' entry '@ root@localhost' ignored in --skip-name-resolve mode.
2018-12-17T22:08:48.086167Z 0 [Note] InnoDB: Buffer pool(s) load completed at 181217 22:08:48
2018-12-17T22:08:48.094057Z 0 [Warning] 'tables_priv' entry 'user mysql.session@localhost' ignored in --skip-name-resolve mode.
2018-12-17T22:08:48.094686Z 0 [Warning] 'tables_priv' entry 'sys_config mysql.sys@localhost' ignored in --skip-name-resolve mode.
2018-12-17T22:08:48.121918Z 0 [Note] Event Scheduler: Loaded 0 events
2018-12-17T22:08:48.125294Z 0 [Note] /usr/sbin/mysqld: ready for connections.
Version: '5.7.23'  socket: '/var/run/mysqld/mysqld.sock'  port: 3306  MySQL Community Server (GPL)
2018-12-17T22:09:57.460233Z 4 [ERROR] /usr/sbin/mysqld: Table './mysql/proc' is marked as crashed and should be repaired
2018-12-17T22:09:57.460718Z 4 [Warning] Checking table:   './mysql/proc'
2018-12-17T22:09:57.481789Z 6 [Warning] 'user' entry 'root@localhost' ignored in --skip-name-resolve mode.
2018-12-17T22:09:57.482053Z 6 [Warning] 'user' entry 'mysql.session@localhost' ignored in --skip-name-resolve mode.
2018-12-17T22:09:57.482283Z 6 [Warning] 'user' entry 'mysql.sys@localhost' ignored in --skip-name-resolve mode.
2018-12-17T22:09:57.482464Z 6 [Warning] 'db' entry 'performance_schema mysql.session@localhost' ignored in --skip-name-resolve mode.
2018-12-17T22:09:57.482599Z 6 [Warning] 'db' entry 'sys mysql.sys@localhost' ignored in --skip-name-resolve mode.
2018-12-17T22:09:57.482744Z 6 [Warning] 'proxies_priv' entry '@ root@localhost' ignored in --skip-name-resolve mode.
2018-12-17T22:09:57.483248Z 6 [Warning] 'tables_priv' entry 'user mysql.session@localhost' ignored in --skip-name-resolve mode.
2018-12-17T22:09:57.483417Z 6 [Warning] 'tables_priv' entry 'sys_config mysql.sys@localhost' ignored in --skip-name-resolve mode.
